  main.cpp
C:\Users\pc\Desktop\课程相关\综合工程设计\elevator1\elevator\hafuman\include\UIManager.h(45,2): warning C4091: “typedef ”: 没有声明变量时忽略“DuiLib::EVENTTYPE_UI”的左侧
C:\Users\pc\Desktop\课程相关\综合工程设计\elevator1\elevator\hafuman\main.h(247,30): warning C4101: “buf”: 未引用的局部变量
C:\Users\pc\Desktop\课程相关\综合工程设计\elevator1\elevator\hafuman\main.cpp(111,5): warning C4996: 'strcpy': This function or variable may be unsafe. Consider using strcpy_s instead. To disable deprecation, use _CRT_SECURE_NO_WARNINGS. See online help for details.
main.obj : error LNK2019: 无法解析的外部符号 "__declspec(dllimport) public: __cdecl DuiLib::STRINGorID::STRINGorID(char const *)" (__imp_??0STRINGorID@DuiLib@@QEAA@PEBD@Z)，函数 "public: virtual __int64 __cdecl CDuiFrameWnd::HandleMessage(unsigned int,unsigned __int64,__int64)" (?HandleMessage@CDuiFrameWnd@@UEAA_JI_K_J@Z) 中引用了该符号
main.obj : error LNK2019: 无法解析的外部符号 "__declspec(dllimport) public: __cdecl DuiLib::CDuiString::CDuiString(void)" (__imp_??0CDuiString@DuiLib@@QEAA@XZ)，函数 "public: void __cdecl CDuiFrameWnd::ChangeDownBtnColor(void)" (?ChangeDownBtnColor@CDuiFrameWnd@@QEAAXXZ) 中引用了该符号
main.obj : error LNK2019: 无法解析的外部符号 "__declspec(dllimport) public: __cdecl DuiLib::CDuiString::CDuiString(char const *,int)" (__imp_??0CDuiString@DuiLib@@QEAA@PEBDH@Z)，函数 "public: virtual class DuiLib::CDuiString __cdecl CDuiFrameWnd::GetSkinFile(void)" (?GetSkinFile@CDuiFrameWnd@@UEAA?AVCDuiString@DuiLib@@XZ) 中引用了该符号
main.obj : error LNK2019: 无法解析的外部符号 "__declspec(dllimport) public: __cdecl DuiLib::CDuiString::~CDuiString(void)" (__imp_??1CDuiString@DuiLib@@QEAA@XZ)，函数 "public: void __cdecl CDuiFrameWnd::ChangeDownBtnColor(void)" (?ChangeDownBtnColor@CDuiFrameWnd@@QEAAXXZ) 中引用了该符号
main.obj : error LNK2019: 无法解析的外部符号 "__declspec(dllimport) public: char const * __cdecl DuiLib::CDuiString::GetData(void)const " (__imp_?GetData@CDuiString@DuiLib@@QEBAPEBDXZ)，函数 "public: virtual void __cdecl CDuiFrameWnd::Notify(struct DuiLib::tagTNotifyUI &)" (?Notify@CDuiFrameWnd@@UEAAXAEAUtagTNotifyUI@DuiLib@@@Z) 中引用了该符号
main.obj : error LNK2019: 无法解析的外部符号 "__declspec(dllimport) public: __cdecl DuiLib::CDuiString::operator char const *(void)const " (__imp_??BCDuiString@DuiLib@@QEBAPEBDXZ)，函数 "public: void __cdecl CDuiFrameWnd::ChangeDownBtnColor(void)" (?ChangeDownBtnColor@CDuiFrameWnd@@QEAAXXZ) 中引用了该符号
main.obj : error LNK2019: 无法解析的外部符号 "__declspec(dllimport) public: bool __cdecl DuiLib::CDuiString::operator==(char const *)const " (__imp_??8CDuiString@DuiLib@@QEBA_NPEBD@Z)，函数 "public: virtual void __cdecl CDuiFrameWnd::Notify(struct DuiLib::tagTNotifyUI &)" (?Notify@CDuiFrameWnd@@UEAAXAEAUtagTNotifyUI@DuiLib@@@Z) 中引用了该符号
main.obj : error LNK2019: 无法解析的外部符号 "__declspec(dllimport) public: int __cdecl DuiLib::CDuiString::Format(char const *,...)" (__imp_?Format@CDuiString@DuiLib@@QEAAHPEBDZZ)，函数 "public: void __cdecl CDuiFrameWnd::ChangeDownBtnColor(void)" (?ChangeDownBtnColor@CDuiFrameWnd@@QEAAXXZ) 中引用了该符号
main.obj : error LNK2019: 无法解析的外部符号 "__declspec(dllimport) public: __cdecl DuiLib::CPaintManagerUI::CPaintManagerUI(void)" (__imp_??0CPaintManagerUI@DuiLib@@QEAA@XZ)，函数 "public: __cdecl CDuiFrameWnd::CDuiFrameWnd(void)" (??0CDuiFrameWnd@@QEAA@XZ) 中引用了该符号
main.obj : error LNK2019: 无法解析的外部符号 "__declspec(dllimport) public: __cdecl DuiLib::CPaintManagerUI::~CPaintManagerUI(void)" (__imp_??1CPaintManagerUI@DuiLib@@QEAA@XZ)，函数 "public: virtual __cdecl CDuiFrameWnd::~CDuiFrameWnd(void)" (??1CDuiFrameWnd@@UEAA@XZ) 中引用了该符号
main.obj : error LNK2019: 无法解析的外部符号 "__declspec(dllimport) public: void __cdecl DuiLib::CPaintManagerUI::Init(struct HWND__ *,char const *)" (__imp_?Init@CPaintManagerUI@DuiLib@@QEAAXPEAUHWND__@@PEBD@Z)，函数 "public: virtual __int64 __cdecl CDuiFrameWnd::HandleMessage(unsigned int,unsigned __int64,__int64)" (?HandleMessage@CDuiFrameWnd@@UEAA_JI_K_J@Z) 中引用了该符号
main.obj : error LNK2019: 无法解析的外部符号 "__declspec(dllimport) public: static class DuiLib::CDuiString __cdecl DuiLib::CPaintManagerUI::GetInstancePath(void)" (__imp_?GetInstancePath@CPaintManagerUI@DuiLib@@SA?AVCDuiString@2@XZ)，函数 WinMain 中引用了该符号
main.obj : error LNK2019: 无法解析的外部符号 "__declspec(dllimport) public: static void __cdecl DuiLib::CPaintManagerUI::SetInstance(struct HINSTANCE__ *)" (__imp_?SetInstance@CPaintManagerUI@DuiLib@@SAXPEAUHINSTANCE__@@@Z)，函数 WinMain 中引用了该符号
main.obj : error LNK2019: 无法解析的外部符号 "__declspec(dllimport) public: static void __cdecl DuiLib::CPaintManagerUI::SetResourcePath(char const *)" (__imp_?SetResourcePath@CPaintManagerUI@DuiLib@@SAXPEBD@Z)，函数 WinMain 中引用了该符号
main.obj : error LNK2019: 无法解析的外部符号 "__declspec(dllimport) public: bool __cdecl DuiLib::CPaintManagerUI::AttachDialog(class DuiLib::CControlUI *)" (__imp_?AttachDialog@CPaintManagerUI@DuiLib@@QEAA_NPEAVCControlUI@2@@Z)，函数 "public: virtual __int64 __cdecl CDuiFrameWnd::HandleMessage(unsigned int,unsigned __int64,__int64)" (?HandleMessage@CDuiFrameWnd@@UEAA_JI_K_J@Z) 中引用了该符号
main.obj : error LNK2019: 无法解析的外部符号 "__declspec(dllimport) public: bool __cdecl DuiLib::CPaintManagerUI::AddNotifier(class DuiLib::INotifyUI *)" (__imp_?AddNotifier@CPaintManagerUI@DuiLib@@QEAA_NPEAVINotifyUI@2@@Z)，函数 "public: virtual __int64 __cdecl CDuiFrameWnd::HandleMessage(unsigned int,unsigned __int64,__int64)" (?HandleMessage@CDuiFrameWnd@@UEAA_JI_K_J@Z) 中引用了该符号
main.obj : error LNK2019: 无法解析的外部符号 "__declspec(dllimport) public: class DuiLib::CControlUI * __cdecl DuiLib::CPaintManagerUI::FindControl(char const *)const " (__imp_?FindControl@CPaintManagerUI@DuiLib@@QEBAPEAVCControlUI@2@PEBD@Z)，函数 "public: void __cdecl CDuiFrameWnd::ChangeDownBtnColor(void)" (?ChangeDownBtnColor@CDuiFrameWnd@@QEAAXXZ) 中引用了该符号
main.obj : error LNK2019: 无法解析的外部符号 "__declspec(dllimport) public: bool __cdecl DuiLib::CPaintManagerUI::MessageHandler(unsigned int,unsigned __int64,__int64,__int64 &)" (__imp_?MessageHandler@CPaintManagerUI@DuiLib@@QEAA_NI_K_JAEA_J@Z)，函数 "public: virtual __int64 __cdecl CDuiFrameWnd::HandleMessage(unsigned int,unsigned __int64,__int64)" (?HandleMessage@CDuiFrameWnd@@UEAA_JI_K_J@Z) 中引用了该符号
main.obj : error LNK2019: 无法解析的外部符号 "__declspec(dllimport) public: struct HWND__ * __cdecl DuiLib::CWindowWnd::GetHWND(void)const " (__imp_?GetHWND@CWindowWnd@DuiLib@@QEBAPEAUHWND__@@XZ)，函数 "public: virtual void __cdecl CDuiFrameWnd::Notify(struct DuiLib::tagTNotifyUI &)" (?Notify@CDuiFrameWnd@@UEAAXAEAUtagTNotifyUI@DuiLib@@@Z) 中引用了该符号
main.obj : error LNK2019: 无法解析的外部符号 "__declspec(dllimport) public: struct HWND__ * __cdecl DuiLib::CWindowWnd::Create(struct HWND__ *,char const *,unsigned long,unsigned long,int,int,int,int,struct HMENU__ *)" (__imp_?Create@CWindowWnd@DuiLib@@QEAAPEAUHWND__@@PEAU3@PEBDKKHHHHPEAUHMENU__@@@Z)，函数 "void __cdecl init(void)" (?init@@YAXXZ) 中引用了该符号
main.obj : error LNK2019: 无法解析的外部符号 "__declspec(dllimport) public: unsigned int __cdecl DuiLib::CWindowWnd::ShowModal(void)" (__imp_?ShowModal@CWindowWnd@DuiLib@@QEAAIXZ)，函数 "void __cdecl init(void)" (?init@@YAXXZ) 中引用了该符号
main.obj : error LNK2019: 无法解析的外部符号 "__declspec(dllimport) public: void __cdecl DuiLib::CWindowWnd::CenterWindow(void)" (__imp_?CenterWindow@CWindowWnd@DuiLib@@QEAAXXZ)，函数 "void __cdecl init(void)" (?init@@YAXXZ) 中引用了该符号
main.obj : error LNK2019: 无法解析的外部符号 "__declspec(dllimport) public: __int64 __cdecl DuiLib::CWindowWnd::SendMessageA(unsigned int,unsigned __int64,__int64)" (__imp_?SendMessageA@CWindowWnd@DuiLib@@QEAA_JI_K_J@Z)，函数 "public: virtual void __cdecl CDuiFrameWnd::Notify(struct DuiLib::tagTNotifyUI &)" (?Notify@CDuiFrameWnd@@UEAAXAEAUtagTNotifyUI@DuiLib@@@Z) 中引用了该符号
main.obj : error LNK2019: 无法解析的外部符号 "__declspec(dllimport) public: __cdecl DuiLib::CDialogBuilder::CDialogBuilder(void)" (__imp_??0CDialogBuilder@DuiLib@@QEAA@XZ)，函数 "public: virtual __int64 __cdecl CDuiFrameWnd::HandleMessage(unsigned int,unsigned __int64,__int64)" (?HandleMessage@CDuiFrameWnd@@UEAA_JI_K_J@Z) 中引用了该符号
main.obj : error LNK2019: 无法解析的外部符号 "__declspec(dllimport) public: class DuiLib::CControlUI * __cdecl DuiLib::CDialogBuilder::Create(class DuiLib::STRINGorID,char const *,class DuiLib::IDialogBuilderCallback *,class DuiLib::CPaintManagerUI *,class DuiLib::CControlUI *)" (__imp_?Create@CDialogBuilder@DuiLib@@QEAAPEAVCControlUI@2@VSTRINGorID@2@PEBDPEAVIDialogBuilderCallback@2@PEAVCPaintManagerUI@2@PEAV32@@Z)，函数 "public: virtual __int64 __cdecl CDuiFrameWnd::HandleMessage(unsigned int,unsigned __int64,__int64)" (?HandleMessage@CDuiFrameWnd@@UEAA_JI_K_J@Z) 中引用了该符号
main.obj : error LNK2019: 无法解析的外部符号 "__declspec(dllimport) public: __cdecl DuiLib::CDialogBuilder::~CDialogBuilder(void)" (__imp_??1CDialogBuilder@DuiLib@@QEAA@XZ)，函数 "public: virtual __int64 __cdecl CDuiFrameWnd::HandleMessage(unsigned int,unsigned __int64,__int64)" (?HandleMessage@CDuiFrameWnd@@UEAA_JI_K_J@Z) 中引用了该符号
main.obj : error LNK2019: 无法解析的外部符号 "__declspec(dllimport) public: __cdecl DuiLib::WindowImplBase::WindowImplBase(void)" (__imp_??0WindowImplBase@DuiLib@@QEAA@XZ)，函数 "public: __cdecl CDuiFrameWnd::CDuiFrameWnd(void)" (??0CDuiFrameWnd@@QEAA@XZ) 中引用了该符号
main.obj : error LNK2019: 无法解析的外部符号 "__declspec(dllimport) public: virtual __cdecl DuiLib::WindowImplBase::~WindowImplBase(void)" (__imp_??1WindowImplBase@DuiLib@@UEAA@XZ)，函数 "int `public: __cdecl CDuiFrameWnd::CDuiFrameWnd(void)'::`1'::dtor$0" (?dtor$0@?0???0CDuiFrameWnd@@QEAA@XZ@4HA) 中引用了该符号
main.obj : error LNK2019: 无法解析的外部符号 "__declspec(dllimport) public: virtual __int64 __cdecl DuiLib::WindowImplBase::HandleMessage(unsigned int,unsigned __int64,__int64)" (__imp_?HandleMessage@WindowImplBase@DuiLib@@UEAA_JI_K_J@Z)，函数 "public: virtual __int64 __cdecl CDuiFrameWnd::HandleMessage(unsigned int,unsigned __int64,__int64)" (?HandleMessage@CDuiFrameWnd@@UEAA_JI_K_J@Z) 中引用了该符号
main.obj : error LNK2019: 无法解析的外部符号 "__declspec(dllimport) public: __cdecl DuiLib::CHorizontalLayoutUI::CHorizontalLayoutUI(void)" (__imp_??0CHorizontalLayoutUI@DuiLib@@QEAA@XZ)，函数 "public: virtual void __cdecl CDuiFrameWnd::Notify(struct DuiLib::tagTNotifyUI &)" (?Notify@CDuiFrameWnd@@UEAAXAEAUtagTNotifyUI@DuiLib@@@Z) 中引用了该符号
main.obj : error LNK2019: 无法解析的外部符号 "__declspec(dllimport) public: virtual __cdecl DuiLib::CHorizontalLayoutUI::~CHorizontalLayoutUI(void)" (__imp_??1CHorizontalLayoutUI@DuiLib@@UEAA@XZ)，函数 "public: virtual void * __cdecl DuiLib::CHorizontalLayoutUI::`scalar deleting destructor'(unsigned int)" (??_GCHorizontalLayoutUI@DuiLib@@UEAAPEAXI@Z) 中引用了该符号
main.obj : error LNK2019: 无法解析的外部符号 "__declspec(dllimport) public: __cdecl DuiLib::CListContainerElementUI::CListContainerElementUI(void)" (__imp_??0CListContainerElementUI@DuiLib@@QEAA@XZ)，函数 "public: virtual void __cdecl CDuiFrameWnd::Notify(struct DuiLib::tagTNotifyUI &)" (?Notify@CDuiFrameWnd@@UEAAXAEAUtagTNotifyUI@DuiLib@@@Z) 中引用了该符号
main.obj : error LNK2019: 无法解析的外部符号 "__declspec(dllimport) public: virtual __cdecl DuiLib::CListContainerElementUI::~CListContainerElementUI(void)" (__imp_??1CListContainerElementUI@DuiLib@@UEAA@XZ)，函数 "public: virtual void * __cdecl DuiLib::CListContainerElementUI::`scalar deleting destructor'(unsigned int)" (??_GCListContainerElementUI@DuiLib@@UEAAPEAXI@Z) 中引用了该符号
main.obj : error LNK2019: 无法解析的外部符号 "__declspec(dllimport) public: __cdecl DuiLib::CLabelUI::CLabelUI(void)" (__imp_??0CLabelUI@DuiLib@@QEAA@XZ)，函数 "public: virtual void __cdecl CDuiFrameWnd::Notify(struct DuiLib::tagTNotifyUI &)" (?Notify@CDuiFrameWnd@@UEAAXAEAUtagTNotifyUI@DuiLib@@@Z) 中引用了该符号
main.obj : error LNK2019: 无法解析的外部符号 "__declspec(dllimport) public: virtual __cdecl DuiLib::CLabelUI::~CLabelUI(void)" (__imp_??1CLabelUI@DuiLib@@UEAA@XZ)，函数 "public: virtual void * __cdecl DuiLib::CLabelUI::`scalar deleting destructor'(unsigned int)" (??_GCLabelUI@DuiLib@@UEAAPEAXI@Z) 中引用了该符号
main.obj : error LNK2019: 无法解析的外部符号 "__declspec(dllimport) public: __cdecl DuiLib::CButtonUI::CButtonUI(void)" (__imp_??0CButtonUI@DuiLib@@QEAA@XZ)，函数 "public: virtual void __cdecl CDuiFrameWnd::Notify(struct DuiLib::tagTNotifyUI &)" (?Notify@CDuiFrameWnd@@UEAAXAEAUtagTNotifyUI@DuiLib@@@Z) 中引用了该符号
main.obj : error LNK2019: 无法解析的外部符号 "__declspec(dllimport) public: void __cdecl DuiLib::CButtonUI::SetNormalImage(char const *)" (__imp_?SetNormalImage@CButtonUI@DuiLib@@QEAAXPEBD@Z)，函数 "public: void __cdecl CDuiFrameWnd::ChangeNumBtnColor(void)" (?ChangeNumBtnColor@CDuiFrameWnd@@QEAAXXZ) 中引用了该符号
main.obj : error LNK2019: 无法解析的外部符号 "__declspec(dllimport) public: void __cdecl DuiLib::CButtonUI::SetHotImage(char const *)" (__imp_?SetHotImage@CButtonUI@DuiLib@@QEAAXPEBD@Z)，函数 "public: virtual void __cdecl CDuiFrameWnd::Notify(struct DuiLib::tagTNotifyUI &)" (?Notify@CDuiFrameWnd@@UEAAXAEAUtagTNotifyUI@DuiLib@@@Z) 中引用了该符号
main.obj : error LNK2019: 无法解析的外部符号 "__declspec(dllimport) public: virtual __cdecl DuiLib::CButtonUI::~CButtonUI(void)" (__imp_??1CButtonUI@DuiLib@@UEAA@XZ)，函数 "public: virtual void * __cdecl DuiLib::CButtonUI::`scalar deleting destructor'(unsigned int)" (??_GCButtonUI@DuiLib@@UEAAPEAXI@Z) 中引用了该符号
main.obj : error LNK2001: 无法解析的外部符号 "public: virtual void __cdecl DuiLib::WindowImplBase::InitWindow(void)" (?InitWindow@WindowImplBase@DuiLib@@UEAAXXZ)
main.obj : error LNK2001: 无法解析的外部符号 "public: virtual char const * __cdecl DuiLib::CHorizontalLayoutUI::GetClass(void)const " (?GetClass@CHorizontalLayoutUI@DuiLib@@UEBAPEBDXZ)
main.obj : error LNK2001: 无法解析的外部符号 "public: virtual void * __cdecl DuiLib::CHorizontalLayoutUI::GetInterface(char const *)" (?GetInterface@CHorizontalLayoutUI@DuiLib@@UEAAPEAXPEBD@Z)
main.obj : error LNK2001: 无法解析的外部符号 "public: virtual unsigned int __cdecl DuiLib::CHorizontalLayoutUI::GetControlFlags(void)const " (?GetControlFlags@CHorizontalLayoutUI@DuiLib@@UEBAIXZ)
main.obj : error LNK2001: 无法解析的外部符号 "public: virtual void __cdecl DuiLib::CHorizontalLayoutUI::SetAttribute(char const *,char const *)" (?SetAttribute@CHorizontalLayoutUI@DuiLib@@UEAAXPEBD0@Z)
main.obj : error LNK2001: 无法解析的外部符号 "public: virtual void __cdecl DuiLib::CHorizontalLayoutUI::DoEvent(struct DuiLib::tagTEventUI &)" (?DoEvent@CHorizontalLayoutUI@DuiLib@@UEAAXAEAUtagTEventUI@2@@Z)
main.obj : error LNK2001: 无法解析的外部符号 "public: virtual void __cdecl DuiLib::CHorizontalLayoutUI::SetPos(struct tagRECT,bool)" (?SetPos@CHorizontalLayoutUI@DuiLib@@UEAAXUtagRECT@@_N@Z)
main.obj : error LNK2001: 无法解析的外部符号 "public: virtual void __cdecl DuiLib::CHorizontalLayoutUI::DoPostPaint(struct HDC__ *,struct tagRECT const &)" (?DoPostPaint@CHorizontalLayoutUI@DuiLib@@UEAAXPEAUHDC__@@AEBUtagRECT@@@Z)
main.obj : error LNK2001: 无法解析的外部符号 "protected: virtual char const * __cdecl DuiLib::CWindowWnd::GetSuperClassName(void)const " (?GetSuperClassName@CWindowWnd@DuiLib@@MEBAPEBDXZ)
main.obj : error LNK2001: 无法解析的外部符号 "public: virtual void __cdecl DuiLib::WindowImplBase::OnFinalMessage(struct HWND__ *)" (?OnFinalMessage@WindowImplBase@DuiLib@@UEAAXPEAUHWND__@@@Z)
main.obj : error LNK2001: 无法解析的外部符号 "protected: virtual struct DuiLib::DUI_MSGMAP const * __cdecl DuiLib::WindowImplBase::GetMessageMap(void)const " (?GetMessageMap@WindowImplBase@DuiLib@@MEBAPEBUDUI_MSGMAP@2@XZ)
main.obj : error LNK2001: 无法解析的外部符号 "protected: virtual void __cdecl DuiLib::WindowImplBase::OnClick(struct DuiLib::tagTNotifyUI &)" (?OnClick@WindowImplBase@DuiLib@@MEAAXAEAUtagTNotifyUI@2@@Z)
main.obj : error LNK2001: 无法解析的外部符号 "protected: virtual __int64 __cdecl DuiLib::WindowImplBase::ResponseDefaultKeyEvent(unsigned __int64)" (?ResponseDefaultKeyEvent@WindowImplBase@DuiLib@@MEAA_J_K@Z)
main.obj : error LNK2001: 无法解析的外部符号 "public: virtual unsigned int __cdecl DuiLib::WindowImplBase::GetClassStyle(void)const " (?GetClassStyle@WindowImplBase@DuiLib@@UEBAIXZ)
main.obj : error LNK2001: 无法解析的外部符号 "public: virtual enum DuiLib::UILIB_RESOURCETYPE __cdecl DuiLib::WindowImplBase::GetResourceType(void)const " (?GetResourceType@WindowImplBase@DuiLib@@UEBA?AW4UILIB_RESOURCETYPE@2@XZ)
main.obj : error LNK2001: 无法解析的外部符号 "public: virtual class DuiLib::CDuiString __cdecl DuiLib::WindowImplBase::GetZIPFileName(void)const " (?GetZIPFileName@WindowImplBase@DuiLib@@UEBA?AVCDuiString@2@XZ)
main.obj : error LNK2001: 无法解析的外部符号 "public: virtual char const * __cdecl DuiLib::WindowImplBase::GetResourceID(void)const " (?GetResourceID@WindowImplBase@DuiLib@@UEBAPEBDXZ)
main.obj : error LNK2001: 无法解析的外部符号 "public: virtual class DuiLib::CControlUI * __cdecl DuiLib::WindowImplBase::CreateControl(char const *)" (?CreateControl@WindowImplBase@DuiLib@@UEAAPEAVCControlUI@2@PEBD@Z)
main.obj : error LNK2001: 无法解析的外部符号 "public: virtual __int64 __cdecl DuiLib::WindowImplBase::MessageHandler(unsigned int,unsigned __int64,__int64,bool &)" (?MessageHandler@WindowImplBase@DuiLib@@UEAA_JI_K_JAEA_N@Z)
main.obj : error LNK2001: 无法解析的外部符号 "public: virtual __int64 __cdecl DuiLib::WindowImplBase::OnClose(unsigned int,unsigned __int64,__int64,int &)" (?OnClose@WindowImplBase@DuiLib@@UEAA_JI_K_JAEAH@Z)
main.obj : error LNK2001: 无法解析的外部符号 "public: virtual __int64 __cdecl DuiLib::WindowImplBase::OnDestroy(unsigned int,unsigned __int64,__int64,int &)" (?OnDestroy@WindowImplBase@DuiLib@@UEAA_JI_K_JAEAH@Z)
main.obj : error LNK2001: 无法解析的外部符号 "public: virtual __int64 __cdecl DuiLib::WindowImplBase::OnNcActivate(unsigned int,unsigned __int64,__int64,int &)" (?OnNcActivate@WindowImplBase@DuiLib@@UEAA_JI_K_JAEAH@Z)
main.obj : error LNK2001: 无法解析的外部符号 "public: virtual __int64 __cdecl DuiLib::WindowImplBase::OnNcCalcSize(unsigned int,unsigned __int64,__int64,int &)" (?OnNcCalcSize@WindowImplBase@DuiLib@@UEAA_JI_K_JAEAH@Z)
main.obj : error LNK2001: 无法解析的外部符号 "public: virtual __int64 __cdecl DuiLib::WindowImplBase::OnNcPaint(unsigned int,unsigned __int64,__int64,int &)" (?OnNcPaint@WindowImplBase@DuiLib@@UEAA_JI_K_JAEAH@Z)
main.obj : error LNK2001: 无法解析的外部符号 "public: virtual __int64 __cdecl DuiLib::WindowImplBase::OnNcHitTest(unsigned int,unsigned __int64,__int64,int &)" (?OnNcHitTest@WindowImplBase@DuiLib@@UEAA_JI_K_JAEAH@Z)
main.obj : error LNK2001: 无法解析的外部符号 "public: virtual __int64 __cdecl DuiLib::WindowImplBase::OnGetMinMaxInfo(unsigned int,unsigned __int64,__int64,int &)" (?OnGetMinMaxInfo@WindowImplBase@DuiLib@@UEAA_JI_K_JAEAH@Z)
main.obj : error LNK2001: 无法解析的外部符号 "public: virtual __int64 __cdecl DuiLib::WindowImplBase::OnMouseWheel(unsigned int,unsigned __int64,__int64,int &)" (?OnMouseWheel@WindowImplBase@DuiLib@@UEAA_JI_K_JAEAH@Z)
main.obj : error LNK2001: 无法解析的外部符号 "public: virtual __int64 __cdecl DuiLib::WindowImplBase::OnMouseHover(unsigned int,unsigned __int64,__int64,int &)" (?OnMouseHover@WindowImplBase@DuiLib@@UEAA_JI_K_JAEAH@Z)
main.obj : error LNK2001: 无法解析的外部符号 "public: virtual __int64 __cdecl DuiLib::WindowImplBase::OnSize(unsigned int,unsigned __int64,__int64,int &)" (?OnSize@WindowImplBase@DuiLib@@UEAA_JI_K_JAEAH@Z)
main.obj : error LNK2001: 无法解析的外部符号 "public: virtual __int64 __cdecl DuiLib::WindowImplBase::OnChar(unsigned int,unsigned __int64,__int64,int &)" (?OnChar@WindowImplBase@DuiLib@@UEAA_JI_K_JAEAH@Z)
main.obj : error LNK2001: 无法解析的外部符号 "public: virtual __int64 __cdecl DuiLib::WindowImplBase::OnSysCommand(unsigned int,unsigned __int64,__int64,int &)" (?OnSysCommand@WindowImplBase@DuiLib@@UEAA_JI_K_JAEAH@Z)
main.obj : error LNK2001: 无法解析的外部符号 "public: virtual __int64 __cdecl DuiLib::WindowImplBase::OnCreate(unsigned int,unsigned __int64,__int64,int &)" (?OnCreate@WindowImplBase@DuiLib@@UEAA_JI_K_JAEAH@Z)
main.obj : error LNK2001: 无法解析的外部符号 "public: virtual __int64 __cdecl DuiLib::WindowImplBase::OnKeyDown(unsigned int,unsigned __int64,__int64,int &)" (?OnKeyDown@WindowImplBase@DuiLib@@UEAA_JI_K_JAEAH@Z)
main.obj : error LNK2001: 无法解析的外部符号 "public: virtual __int64 __cdecl DuiLib::WindowImplBase::OnKillFocus(unsigned int,unsigned __int64,__int64,int &)" (?OnKillFocus@WindowImplBase@DuiLib@@UEAA_JI_K_JAEAH@Z)
main.obj : error LNK2001: 无法解析的外部符号 "public: virtual __int64 __cdecl DuiLib::WindowImplBase::OnSetFocus(unsigned int,unsigned __int64,__int64,int &)" (?OnSetFocus@WindowImplBase@DuiLib@@UEAA_JI_K_JAEAH@Z)
main.obj : error LNK2001: 无法解析的外部符号 "public: virtual __int64 __cdecl DuiLib::WindowImplBase::OnLButtonDown(unsigned int,unsigned __int64,__int64,int &)" (?OnLButtonDown@WindowImplBase@DuiLib@@UEAA_JI_K_JAEAH@Z)
main.obj : error LNK2001: 无法解析的外部符号 "public: virtual __int64 __cdecl DuiLib::WindowImplBase::OnLButtonUp(unsigned int,unsigned __int64,__int64,int &)" (?OnLButtonUp@WindowImplBase@DuiLib@@UEAA_JI_K_JAEAH@Z)
main.obj : error LNK2001: 无法解析的外部符号 "public: virtual __int64 __cdecl DuiLib::WindowImplBase::OnMouseMove(unsigned int,unsigned __int64,__int64,int &)" (?OnMouseMove@WindowImplBase@DuiLib@@UEAA_JI_K_JAEAH@Z)
main.obj : error LNK2001: 无法解析的外部符号 "public: virtual __int64 __cdecl DuiLib::WindowImplBase::HandleCustomMessage(unsigned int,unsigned __int64,__int64,int &)" (?HandleCustomMessage@WindowImplBase@DuiLib@@UEAA_JI_K_JAEAH@Z)
main.obj : error LNK2001: 无法解析的外部符号 "public: virtual long __cdecl DuiLib::WindowImplBase::GetStyle(void)" (?GetStyle@WindowImplBase@DuiLib@@UEAAJXZ)
main.obj : error LNK2001: 无法解析的外部符号 "public: virtual char const * __cdecl DuiLib::CLabelUI::GetClass(void)const " (?GetClass@CLabelUI@DuiLib@@UEBAPEBDXZ)
main.obj : error LNK2001: 无法解析的外部符号 "public: virtual void * __cdecl DuiLib::CLabelUI::GetInterface(char const *)" (?GetInterface@CLabelUI@DuiLib@@UEAAPEAXPEBD@Z)
main.obj : error LNK2001: 无法解析的外部符号 "public: virtual void __cdecl DuiLib::CLabelUI::SetFixedWidth(int)" (?SetFixedWidth@CLabelUI@DuiLib@@UEAAXH@Z)
main.obj : error LNK2001: 无法解析的外部符号 "public: virtual void __cdecl DuiLib::CLabelUI::SetFixedHeight(int)" (?SetFixedHeight@CLabelUI@DuiLib@@UEAAXH@Z)
main.obj : error LNK2001: 无法解析的外部符号 "public: virtual void __cdecl DuiLib::CLabelUI::SetText(char const *)" (?SetText@CLabelUI@DuiLib@@UEAAXPEBD@Z)
main.obj : error LNK2001: 无法解析的外部符号 "public: virtual struct tagSIZE __cdecl DuiLib::CLabelUI::EstimateSize(struct tagSIZE)" (?EstimateSize@CLabelUI@DuiLib@@UEAA?AUtagSIZE@@U3@@Z)
main.obj : error LNK2001: 无法解析的外部符号 "public: virtual void __cdecl DuiLib::CLabelUI::DoEvent(struct DuiLib::tagTEventUI &)" (?DoEvent@CLabelUI@DuiLib@@UEAAXAEAUtagTEventUI@2@@Z)
main.obj : error LNK2001: 无法解析的外部符号 "public: virtual void __cdecl DuiLib::CLabelUI::SetAttribute(char const *,char const *)" (?SetAttribute@CLabelUI@DuiLib@@UEAAXPEBD0@Z)
main.obj : error LNK2001: 无法解析的外部符号 "public: virtual void __cdecl DuiLib::CLabelUI::PaintText(struct HDC__ *)" (?PaintText@CLabelUI@DuiLib@@UEAAXPEAUHDC__@@@Z)
main.obj : error LNK2001: 无法解析的外部符号 "public: virtual void __cdecl DuiLib::CControlUI::Delete(void)" (?Delete@CControlUI@DuiLib@@UEAAXXZ)
main.obj : error LNK2001: 无法解析的外部符号 "public: virtual class DuiLib::CDuiString __cdecl DuiLib::CControlUI::GetName(void)const " (?GetName@CControlUI@DuiLib@@UEBA?AVCDuiString@2@XZ)
main.obj : error LNK2001: 无法解析的外部符号 "public: virtual void __cdecl DuiLib::CControlUI::SetName(char const *)" (?SetName@CControlUI@DuiLib@@UEAAXPEBD@Z)
main.obj : error LNK2001: 无法解析的外部符号 "public: virtual unsigned int __cdecl DuiLib::CControlUI::GetControlFlags(void)const " (?GetControlFlags@CControlUI@DuiLib@@UEBAIXZ)
main.obj : error LNK2001: 无法解析的外部符号 "public: virtual struct HWND__ * __cdecl DuiLib::CControlUI::GetNativeWindow(void)const " (?GetNativeWindow@CControlUI@DuiLib@@UEBAPEAUHWND__@@XZ)
main.obj : error LNK2001: 无法解析的外部符号 "public: virtual bool __cdecl DuiLib::CControlUI::Activate(void)" (?Activate@CControlUI@DuiLib@@UEAA_NXZ)
main.obj : error LNK2001: 无法解析的外部符号 "public: virtual class DuiLib::CPaintManagerUI * __cdecl DuiLib::CControlUI::GetManager(void)const " (?GetManager@CControlUI@DuiLib@@UEBAPEAVCPaintManagerUI@2@XZ)
main.obj : error LNK2001: 无法解析的外部符号 "public: virtual void __cdecl DuiLib::CControlUI::SetManager(class DuiLib::CPaintManagerUI *,class DuiLib::CControlUI *,bool)" (?SetManager@CControlUI@DuiLib@@UEAAXPEAVCPaintManagerUI@2@PEAV12@_N@Z)
main.obj : error LNK2001: 无法解析的外部符号 "public: virtual class DuiLib::CControlUI * __cdecl DuiLib::CControlUI::GetParent(void)const " (?GetParent@CControlUI@DuiLib@@UEBAPEAV12@XZ)
main.obj : error LNK2001: 无法解析的外部符号 "public: virtual class DuiLib::CControlUI * __cdecl DuiLib::CControlUI::GetCover(void)const " (?GetCover@CControlUI@DuiLib@@UEBAPEAV12@XZ)
main.obj : error LNK2001: 无法解析的外部符号 "public: virtual void __cdecl DuiLib::CControlUI::SetCover(class DuiLib::CControlUI *)" (?SetCover@CControlUI@DuiLib@@UEAAXPEAV12@@Z)
main.obj : error LNK2001: 无法解析的外部符号 "public: virtual class DuiLib::CDuiString __cdecl DuiLib::CControlUI::GetText(void)const " (?GetText@CControlUI@DuiLib@@UEBA?AVCDuiString@2@XZ)
main.obj : error LNK2001: 无法解析的外部符号 "public: virtual void __cdecl DuiLib::CControlUI::SetText(char const *)" (?SetText@CControlUI@DuiLib@@UEAAXPEBD@Z)
main.obj : error LNK2001: 无法解析的外部符号 "public: virtual struct tagRECT const & __cdecl DuiLib::CControlUI::GetPos(void)const " (?GetPos@CControlUI@DuiLib@@UEBAAEBUtagRECT@@XZ)
main.obj : error LNK2001: 无法解析的外部符号 "public: virtual struct tagRECT __cdecl DuiLib::CControlUI::GetRelativePos(void)const " (?GetRelativePos@CControlUI@DuiLib@@UEBA?AUtagRECT@@XZ)
main.obj : error LNK2001: 无法解析的外部符号 "public: virtual struct tagRECT __cdecl DuiLib::CControlUI::GetClientPos(void)const " (?GetClientPos@CControlUI@DuiLib@@UEBA?AUtagRECT@@XZ)
main.obj : error LNK2001: 无法解析的外部符号 "public: virtual void __cdecl DuiLib::CControlUI::SetPos(struct tagRECT,bool)" (?SetPos@CControlUI@DuiLib@@UEAAXUtagRECT@@_N@Z)
main.obj : error LNK2001: 无法解析的外部符号 "public: virtual void __cdecl DuiLib::CControlUI::Move(struct tagSIZE,bool)" (?Move@CControlUI@DuiLib@@UEAAXUtagSIZE@@_N@Z)
main.obj : error LNK2001: 无法解析的外部符号 "public: virtual int __cdecl DuiLib::CControlUI::GetWidth(void)const " (?GetWidth@CControlUI@DuiLib@@UEBAHXZ)
main.obj : error LNK2001: 无法解析的外部符号 "public: virtual int __cdecl DuiLib::CControlUI::GetHeight(void)const " (?GetHeight@CControlUI@DuiLib@@UEBAHXZ)
main.obj : error LNK2001: 无法解析的外部符号 "public: virtual int __cdecl DuiLib::CControlUI::GetX(void)const " (?GetX@CControlUI@DuiLib@@UEBAHXZ)
main.obj : error LNK2001: 无法解析的外部符号 "public: virtual int __cdecl DuiLib::CControlUI::GetY(void)const " (?GetY@CControlUI@DuiLib@@UEBAHXZ)
main.obj : error LNK2001: 无法解析的外部符号 "public: virtual struct tagRECT __cdecl DuiLib::CControlUI::GetPadding(void)const " (?GetPadding@CControlUI@DuiLib@@UEBA?AUtagRECT@@XZ)
main.obj : error LNK2001: 无法解析的外部符号 "public: virtual void __cdecl DuiLib::CControlUI::SetPadding(struct tagRECT)" (?SetPadding@CControlUI@DuiLib@@UEAAXUtagRECT@@@Z)
main.obj : error LNK2001: 无法解析的外部符号 "public: virtual struct tagSIZE __cdecl DuiLib::CControlUI::GetFixedXY(void)const " (?GetFixedXY@CControlUI@DuiLib@@UEBA?AUtagSIZE@@XZ)
main.obj : error LNK2001: 无法解析的外部符号 "public: virtual void __cdecl DuiLib::CControlUI::SetFixedXY(struct tagSIZE)" (?SetFixedXY@CControlUI@DuiLib@@UEAAXUtagSIZE@@@Z)
main.obj : error LNK2001: 无法解析的外部符号 "public: virtual struct DuiLib::tagTPercentInfo __cdecl DuiLib::CControlUI::GetFloatPercent(void)const " (?GetFloatPercent@CControlUI@DuiLib@@UEBA?AUtagTPercentInfo@2@XZ)
main.obj : error LNK2001: 无法解析的外部符号 "public: virtual void __cdecl DuiLib::CControlUI::SetFloatPercent(struct DuiLib::tagTPercentInfo)" (?SetFloatPercent@CControlUI@DuiLib@@UEAAXUtagTPercentInfo@2@@Z)
main.obj : error LNK2001: 无法解析的外部符号 "public: virtual int __cdecl DuiLib::CControlUI::GetFixedWidth(void)const " (?GetFixedWidth@CControlUI@DuiLib@@UEBAHXZ)
main.obj : error LNK2001: 无法解析的外部符号 "public: virtual void __cdecl DuiLib::CControlUI::SetFixedWidth(int)" (?SetFixedWidth@CControlUI@DuiLib@@UEAAXH@Z)
main.obj : error LNK2001: 无法解析的外部符号 "public: virtual int __cdecl DuiLib::CControlUI::GetFixedHeight(void)const " (?GetFixedHeight@CControlUI@DuiLib@@UEBAHXZ)
main.obj : error LNK2001: 无法解析的外部符号 "public: virtual void __cdecl DuiLib::CControlUI::SetFixedHeight(int)" (?SetFixedHeight@CControlUI@DuiLib@@UEAAXH@Z)
main.obj : error LNK2001: 无法解析的外部符号 "public: virtual int __cdecl DuiLib::CControlUI::GetMinWidth(void)const " (?GetMinWidth@CControlUI@DuiLib@@UEBAHXZ)
main.obj : error LNK2001: 无法解析的外部符号 "public: virtual void __cdecl DuiLib::CControlUI::SetMinWidth(int)" (?SetMinWidth@CControlUI@DuiLib@@UEAAXH@Z)
main.obj : error LNK2001: 无法解析的外部符号 "public: virtual int __cdecl DuiLib::CControlUI::GetMaxWidth(void)const " (?GetMaxWidth@CControlUI@DuiLib@@UEBAHXZ)
main.obj : error LNK2001: 无法解析的外部符号 "public: virtual void __cdecl DuiLib::CControlUI::SetMaxWidth(int)" (?SetMaxWidth@CControlUI@DuiLib@@UEAAXH@Z)
main.obj : error LNK2001: 无法解析的外部符号 "public: virtual int __cdecl DuiLib::CControlUI::GetMinHeight(void)const " (?GetMinHeight@CControlUI@DuiLib@@UEBAHXZ)
main.obj : error LNK2001: 无法解析的外部符号 "public: virtual void __cdecl DuiLib::CControlUI::SetMinHeight(int)" (?SetMinHeight@CControlUI@DuiLib@@UEAAXH@Z)
main.obj : error LNK2001: 无法解析的外部符号 "public: virtual int __cdecl DuiLib::CControlUI::GetMaxHeight(void)const " (?GetMaxHeight@CControlUI@DuiLib@@UEBAHXZ)
main.obj : error LNK2001: 无法解析的外部符号 "public: virtual void __cdecl DuiLib::CControlUI::SetMaxHeight(int)" (?SetMaxHeight@CControlUI@DuiLib@@UEAAXH@Z)
main.obj : error LNK2001: 无法解析的外部符号 "public: virtual class DuiLib::CDuiString __cdecl DuiLib::CControlUI::GetToolTip(void)const " (?GetToolTip@CControlUI@DuiLib@@UEBA?AVCDuiString@2@XZ)
main.obj : error LNK2001: 无法解析的外部符号 "public: virtual void __cdecl DuiLib::CControlUI::SetToolTip(char const *)" (?SetToolTip@CControlUI@DuiLib@@UEAAXPEBD@Z)
main.obj : error LNK2001: 无法解析的外部符号 "public: virtual void __cdecl DuiLib::CControlUI::SetToolTipWidth(int)" (?SetToolTipWidth@CControlUI@DuiLib@@UEAAXH@Z)
main.obj : error LNK2001: 无法解析的外部符号 "public: virtual int __cdecl DuiLib::CControlUI::GetToolTipWidth(void)" (?GetToolTipWidth@CControlUI@DuiLib@@UEAAHXZ)
main.obj : error LNK2001: 无法解析的外部符号 "public: virtual char __cdecl DuiLib::CControlUI::GetShortcut(void)const " (?GetShortcut@CControlUI@DuiLib@@UEBADXZ)
main.obj : error LNK2001: 无法解析的外部符号 "public: virtual void __cdecl DuiLib::CControlUI::SetShortcut(char)" (?SetShortcut@CControlUI@DuiLib@@UEAAXD@Z)
main.obj : error LNK2001: 无法解析的外部符号 "public: virtual bool __cdecl DuiLib::CControlUI::IsContextMenuUsed(void)const " (?IsContextMenuUsed@CControlUI@DuiLib@@UEBA_NXZ)
main.obj : error LNK2001: 无法解析的外部符号 "public: virtual void __cdecl DuiLib::CControlUI::SetContextMenuUsed(bool)" (?SetContextMenuUsed@CControlUI@DuiLib@@UEAAX_N@Z)
main.obj : error LNK2001: 无法解析的外部符号 "public: virtual class DuiLib::CDuiString const & __cdecl DuiLib::CControlUI::GetUserData(void)" (?GetUserData@CControlUI@DuiLib@@UEAAAEBVCDuiString@2@XZ)
main.obj : error LNK2001: 无法解析的外部符号 "public: virtual void __cdecl DuiLib::CControlUI::SetUserData(char const *)" (?SetUserData@CControlUI@DuiLib@@UEAAXPEBD@Z)
main.obj : error LNK2001: 无法解析的外部符号 "public: virtual unsigned __int64 __cdecl DuiLib::CControlUI::GetTag(void)const " (?GetTag@CControlUI@DuiLib@@UEBA_KXZ)
main.obj : error LNK2001: 无法解析的外部符号 "public: virtual void __cdecl DuiLib::CControlUI::SetTag(unsigned __int64)" (?SetTag@CControlUI@DuiLib@@UEAAX_K@Z)
main.obj : error LNK2001: 无法解析的外部符号 "public: virtual bool __cdecl DuiLib::CControlUI::IsVisible(void)const " (?IsVisible@CControlUI@DuiLib@@UEBA_NXZ)
main.obj : error LNK2001: 无法解析的外部符号 "public: virtual void __cdecl DuiLib::CControlUI::SetVisible(bool)" (?SetVisible@CControlUI@DuiLib@@UEAAX_N@Z)
main.obj : error LNK2001: 无法解析的外部符号 "public: virtual void __cdecl DuiLib::CControlUI::SetInternVisible(bool)" (?SetInternVisible@CControlUI@DuiLib@@UEAAX_N@Z)
main.obj : error LNK2001: 无法解析的外部符号 "public: virtual bool __cdecl DuiLib::CControlUI::IsEnabled(void)const " (?IsEnabled@CControlUI@DuiLib@@UEBA_NXZ)
main.obj : error LNK2001: 无法解析的外部符号 "public: virtual void __cdecl DuiLib::CControlUI::SetEnabled(bool)" (?SetEnabled@CControlUI@DuiLib@@UEAAX_N@Z)
main.obj : error LNK2001: 无法解析的外部符号 "public: virtual bool __cdecl DuiLib::CControlUI::IsMouseEnabled(void)const " (?IsMouseEnabled@CControlUI@DuiLib@@UEBA_NXZ)
main.obj : error LNK2001: 无法解析的外部符号 "public: virtual void __cdecl DuiLib::CControlUI::SetMouseEnabled(bool)" (?SetMouseEnabled@CControlUI@DuiLib@@UEAAX_N@Z)
main.obj : error LNK2001: 无法解析的外部符号 "public: virtual bool __cdecl DuiLib::CControlUI::IsKeyboardEnabled(void)const " (?IsKeyboardEnabled@CControlUI@DuiLib@@UEBA_NXZ)
main.obj : error LNK2001: 无法解析的外部符号 "public: virtual void __cdecl DuiLib::CControlUI::SetKeyboardEnabled(bool)" (?SetKeyboardEnabled@CControlUI@DuiLib@@UEAAX_N@Z)
main.obj : error LNK2001: 无法解析的外部符号 "public: virtual bool __cdecl DuiLib::CControlUI::IsFocused(void)const " (?IsFocused@CControlUI@DuiLib@@UEBA_NXZ)
main.obj : error LNK2001: 无法解析的外部符号 "public: virtual void __cdecl DuiLib::CControlUI::SetFocus(void)" (?SetFocus@CControlUI@DuiLib@@UEAAXXZ)
main.obj : error LNK2001: 无法解析的外部符号 "public: virtual bool __cdecl DuiLib::CControlUI::IsFloat(void)const " (?IsFloat@CControlUI@DuiLib@@UEBA_NXZ)
main.obj : error LNK2001: 无法解析的外部符号 "public: virtual void __cdecl DuiLib::CControlUI::SetFloat(bool)" (?SetFloat@CControlUI@DuiLib@@UEAAX_N@Z)
main.obj : error LNK2001: 无法解析的外部符号 "public: virtual class DuiLib::CControlUI * __cdecl DuiLib::CControlUI::FindControl(class DuiLib::CControlUI * (__cdecl*)(class DuiLib::CControlUI *,void *),void *,unsigned int)" (?FindControl@CControlUI@DuiLib@@UEAAPEAV12@P6APEAV12@PEAV12@PEAX@Z1I@Z)
main.obj : error LNK2001: 无法解析的外部符号 "public: virtual void __cdecl DuiLib::CControlUI::Init(void)" (?Init@CControlUI@DuiLib@@UEAAXXZ)
main.obj : error LNK2001: 无法解析的外部符号 "public: virtual void __cdecl DuiLib::CControlUI::DoInit(void)" (?DoInit@CControlUI@DuiLib@@UEAAXXZ)
main.obj : error LNK2001: 无法解析的外部符号 "public: virtual void __cdecl DuiLib::CControlUI::Event(struct DuiLib::tagTEventUI &)" (?Event@CControlUI@DuiLib@@UEAAXAEAUtagTEventUI@2@@Z)
main.obj : error LNK2001: 无法解析的外部符号 "public: virtual class DuiLib::CDuiString __cdecl DuiLib::CControlUI::GetAttribute(char const *)" (?GetAttribute@CControlUI@DuiLib@@UEAA?AVCDuiString@2@PEBD@Z)
main.obj : error LNK2001: 无法解析的外部符号 "public: virtual class DuiLib::CDuiString __cdecl DuiLib::CControlUI::GetAttributeList(bool)" (?GetAttributeList@CControlUI@DuiLib@@UEAA?AVCDuiString@2@_N@Z)
main.obj : error LNK2001: 无法解析的外部符号 "public: virtual void __cdecl DuiLib::CControlUI::SetAttributeList(char const *)" (?SetAttributeList@CControlUI@DuiLib@@UEAAXPEBD@Z)
main.obj : error LNK2001: 无法解析的外部符号 "public: virtual struct tagSIZE __cdecl DuiLib::CControlUI::EstimateSize(struct tagSIZE)" (?EstimateSize@CControlUI@DuiLib@@UEAA?AUtagSIZE@@U3@@Z)
main.obj : error LNK2001: 无法解析的外部符号 "public: virtual bool __cdecl DuiLib::CControlUI::Paint(struct HDC__ *,struct tagRECT const &,class DuiLib::CControlUI *)" (?Paint@CControlUI@DuiLib@@UEAA_NPEAUHDC__@@AEBUtagRECT@@PEAV12@@Z)
main.obj : error LNK2001: 无法解析的外部符号 "public: virtual bool __cdecl DuiLib::CControlUI::DoPaint(struct HDC__ *,struct tagRECT const &,class DuiLib::CControlUI *)" (?DoPaint@CControlUI@DuiLib@@UEAA_NPEAUHDC__@@AEBUtagRECT@@PEAV12@@Z)
main.obj : error LNK2001: 无法解析的外部符号 "public: virtual void __cdecl DuiLib::CControlUI::PaintBkColor(struct HDC__ *)" (?PaintBkColor@CControlUI@DuiLib@@UEAAXPEAUHDC__@@@Z)
main.obj : error LNK2001: 无法解析的外部符号 "public: virtual void __cdecl DuiLib::CControlUI::PaintBkImage(struct HDC__ *)" (?PaintBkImage@CControlUI@DuiLib@@UEAAXPEAUHDC__@@@Z)
main.obj : error LNK2001: 无法解析的外部符号 "public: virtual void __cdecl DuiLib::CControlUI::PaintStatusImage(struct HDC__ *)" (?PaintStatusImage@CControlUI@DuiLib@@UEAAXPEAUHDC__@@@Z)
main.obj : error LNK2001: 无法解析的外部符号 "public: virtual void __cdecl DuiLib::CControlUI::PaintText(struct HDC__ *)" (?PaintText@CControlUI@DuiLib@@UEAAXPEAUHDC__@@@Z)
main.obj : error LNK2001: 无法解析的外部符号 "public: virtual void __cdecl DuiLib::CControlUI::PaintBorder(struct HDC__ *)" (?PaintBorder@CControlUI@DuiLib@@UEAAXPEAUHDC__@@@Z)
main.obj : error LNK2001: 无法解析的外部符号 "public: virtual void __cdecl DuiLib::CControlUI::DoPostPaint(struct HDC__ *,struct tagRECT const &)" (?DoPostPaint@CControlUI@DuiLib@@UEAAXPEAUHDC__@@AEBUtagRECT@@@Z)
main.obj : error LNK2001: 无法解析的外部符号 "public: virtual char const * __cdecl DuiLib::CListContainerElementUI::GetClass(void)const " (?GetClass@CListContainerElementUI@DuiLib@@UEBAPEBDXZ)
main.obj : error LNK2001: 无法解析的外部符号 "public: virtual unsigned int __cdecl DuiLib::CListContainerElementUI::GetControlFlags(void)const " (?GetControlFlags@CListContainerElementUI@DuiLib@@UEBAIXZ)
main.obj : error LNK2001: 无法解析的外部符号 "public: virtual void * __cdecl DuiLib::CListContainerElementUI::GetInterface(char const *)" (?GetInterface@CListContainerElementUI@DuiLib@@UEAAPEAXPEBD@Z)
main.obj : error LNK2001: 无法解析的外部符号 "public: virtual void __cdecl DuiLib::CListContainerElementUI::SetVisible(bool)" (?SetVisible@CListContainerElementUI@DuiLib@@UEAAX_N@Z)
main.obj : error LNK2001: 无法解析的外部符号 "public: virtual void __cdecl DuiLib::CListContainerElementUI::SetEnabled(bool)" (?SetEnabled@CListContainerElementUI@DuiLib@@UEAAX_N@Z)
main.obj : error LNK2001: 无法解析的外部符号 "public: virtual bool __cdecl DuiLib::CListContainerElementUI::Activate(void)" (?Activate@CListContainerElementUI@DuiLib@@UEAA_NXZ)
main.obj : error LNK2001: 无法解析的外部符号 "public: virtual void __cdecl DuiLib::CListContainerElementUI::DoEvent(struct DuiLib::tagTEventUI &)" (?DoEvent@CListContainerElementUI@DuiLib@@UEAAXAEAUtagTEventUI@2@@Z)
main.obj : error LNK2001: 无法解析的外部符号 "public: virtual void __cdecl DuiLib::CListContainerElementUI::SetAttribute(char const *,char const *)" (?SetAttribute@CListContainerElementUI@DuiLib@@UEAAXPEBD0@Z)
main.obj : error LNK2001: 无法解析的外部符号 "public: virtual bool __cdecl DuiLib::CListContainerElementUI::DoPaint(struct HDC__ *,struct tagRECT const &,class DuiLib::CControlUI *)" (?DoPaint@CListContainerElementUI@DuiLib@@UEAA_NPEAUHDC__@@AEBUtagRECT@@PEAVCControlUI@2@@Z)
main.obj : error LNK2001: 无法解析的外部符号 "public: virtual struct tagSIZE __cdecl DuiLib::CListContainerElementUI::EstimateSize(struct tagSIZE)" (?EstimateSize@CListContainerElementUI@DuiLib@@UEAA?AUtagSIZE@@U3@@Z)
main.obj : error LNK2001: 无法解析的外部符号 "public: virtual char const * __cdecl DuiLib::CButtonUI::GetClass(void)const " (?GetClass@CButtonUI@DuiLib@@UEBAPEBDXZ)
main.obj : error LNK2001: 无法解析的外部符号 "public: virtual void * __cdecl DuiLib::CButtonUI::GetInterface(char const *)" (?GetInterface@CButtonUI@DuiLib@@UEAAPEAXPEBD@Z)
main.obj : error LNK2001: 无法解析的外部符号 "public: virtual unsigned int __cdecl DuiLib::CButtonUI::GetControlFlags(void)const " (?GetControlFlags@CButtonUI@DuiLib@@UEBAIXZ)
main.obj : error LNK2001: 无法解析的外部符号 "public: virtual bool __cdecl DuiLib::CButtonUI::Activate(void)" (?Activate@CButtonUI@DuiLib@@UEAA_NXZ)
main.obj : error LNK2001: 无法解析的外部符号 "public: virtual void __cdecl DuiLib::CButtonUI::SetEnabled(bool)" (?SetEnabled@CButtonUI@DuiLib@@UEAAX_N@Z)
main.obj : error LNK2001: 无法解析的外部符号 "public: virtual void __cdecl DuiLib::CButtonUI::DoEvent(struct DuiLib::tagTEventUI &)" (?DoEvent@CButtonUI@DuiLib@@UEAAXAEAUtagTEventUI@2@@Z)
main.obj : error LNK2001: 无法解析的外部符号 "public: virtual struct tagSIZE __cdecl DuiLib::CButtonUI::EstimateSize(struct tagSIZE)" (?EstimateSize@CButtonUI@DuiLib@@UEAA?AUtagSIZE@@U3@@Z)
main.obj : error LNK2001: 无法解析的外部符号 "public: virtual void __cdecl DuiLib::CButtonUI::SetAttribute(char const *,char const *)" (?SetAttribute@CButtonUI@DuiLib@@UEAAXPEBD0@Z)
main.obj : error LNK2001: 无法解析的外部符号 "public: virtual void __cdecl DuiLib::CButtonUI::PaintText(struct HDC__ *)" (?PaintText@CButtonUI@DuiLib@@UEAAXPEAUHDC__@@@Z)
main.obj : error LNK2001: 无法解析的外部符号 "public: virtual void __cdecl DuiLib::CButtonUI::PaintStatusImage(struct HDC__ *)" (?PaintStatusImage@CButtonUI@DuiLib@@UEAAXPEAUHDC__@@@Z)
main.obj : error LNK2001: 无法解析的外部符号 "public: virtual void __cdecl DuiLib::CContainerUI::SetVisible(bool)" (?SetVisible@CContainerUI@DuiLib@@UEAAX_N@Z)
main.obj : error LNK2001: 无法解析的外部符号 "public: virtual void __cdecl DuiLib::CContainerUI::SetInternVisible(bool)" (?SetInternVisible@CContainerUI@DuiLib@@UEAAX_N@Z)
main.obj : error LNK2001: 无法解析的外部符号 "public: virtual void __cdecl DuiLib::CContainerUI::SetMouseEnabled(bool)" (?SetMouseEnabled@CContainerUI@DuiLib@@UEAAX_N@Z)
main.obj : error LNK2001: 无法解析的外部符号 "public: virtual struct tagRECT __cdecl DuiLib::CContainerUI::GetInset(void)const " (?GetInset@CContainerUI@DuiLib@@UEBA?AUtagRECT@@XZ)
main.obj : error LNK2001: 无法解析的外部符号 "public: virtual void __cdecl DuiLib::CContainerUI::SetInset(struct tagRECT)" (?SetInset@CContainerUI@DuiLib@@UEAAXUtagRECT@@@Z)
main.obj : error LNK2001: 无法解析的外部符号 "public: virtual int __cdecl DuiLib::CContainerUI::GetChildPadding(void)const " (?GetChildPadding@CContainerUI@DuiLib@@UEBAHXZ)
main.obj : error LNK2001: 无法解析的外部符号 "public: virtual void __cdecl DuiLib::CContainerUI::SetChildPadding(int)" (?SetChildPadding@CContainerUI@DuiLib@@UEAAXH@Z)
main.obj : error LNK2001: 无法解析的外部符号 "public: virtual unsigned int __cdecl DuiLib::CContainerUI::GetChildAlign(void)const " (?GetChildAlign@CContainerUI@DuiLib@@UEBAIXZ)
main.obj : error LNK2001: 无法解析的外部符号 "public: virtual void __cdecl DuiLib::CContainerUI::SetChildAlign(unsigned int)" (?SetChildAlign@CContainerUI@DuiLib@@UEAAXI@Z)
main.obj : error LNK2001: 无法解析的外部符号 "public: virtual unsigned int __cdecl DuiLib::CContainerUI::GetChildVAlign(void)const " (?GetChildVAlign@CContainerUI@DuiLib@@UEBAIXZ)
main.obj : error LNK2001: 无法解析的外部符号 "public: virtual void __cdecl DuiLib::CContainerUI::SetChildVAlign(unsigned int)" (?SetChildVAlign@CContainerUI@DuiLib@@UEAAXI@Z)
main.obj : error LNK2001: 无法解析的外部符号 "public: virtual bool __cdecl DuiLib::CContainerUI::IsAutoDestroy(void)const " (?IsAutoDestroy@CContainerUI@DuiLib@@UEBA_NXZ)
main.obj : error LNK2001: 无法解析的外部符号 "public: virtual void __cdecl DuiLib::CContainerUI::SetAutoDestroy(bool)" (?SetAutoDestroy@CContainerUI@DuiLib@@UEAAX_N@Z)
main.obj : error LNK2001: 无法解析的外部符号 "public: virtual bool __cdecl DuiLib::CContainerUI::IsDelayedDestroy(void)const " (?IsDelayedDestroy@CContainerUI@DuiLib@@UEBA_NXZ)
main.obj : error LNK2001: 无法解析的外部符号 "public: virtual void __cdecl DuiLib::CContainerUI::SetDelayedDestroy(bool)" (?SetDelayedDestroy@CContainerUI@DuiLib@@UEAAX_N@Z)
main.obj : error LNK2001: 无法解析的外部符号 "public: virtual bool __cdecl DuiLib::CContainerUI::IsMouseChildEnabled(void)const " (?IsMouseChildEnabled@CContainerUI@DuiLib@@UEBA_NXZ)
main.obj : error LNK2001: 无法解析的外部符号 "public: virtual void __cdecl DuiLib::CContainerUI::SetMouseChildEnabled(bool)" (?SetMouseChildEnabled@CContainerUI@DuiLib@@UEAAX_N@Z)
main.obj : error LNK2001: 无法解析的外部符号 "public: virtual int __cdecl DuiLib::CContainerUI::FindSelectable(int,bool)const " (?FindSelectable@CContainerUI@DuiLib@@UEBAHH_N@Z)
main.obj : error LNK2001: 无法解析的外部符号 "public: virtual struct tagRECT __cdecl DuiLib::CContainerUI::GetClientPos(void)const " (?GetClientPos@CContainerUI@DuiLib@@UEBA?AUtagRECT@@XZ)
main.obj : error LNK2001: 无法解析的外部符号 "public: virtual void __cdecl DuiLib::CContainerUI::SetPos(struct tagRECT,bool)" (?SetPos@CContainerUI@DuiLib@@UEAAXUtagRECT@@_N@Z)
main.obj : error LNK2001: 无法解析的外部符号 "public: virtual void __cdecl DuiLib::CContainerUI::Move(struct tagSIZE,bool)" (?Move@CContainerUI@DuiLib@@UEAAXUtagSIZE@@_N@Z)
main.obj : error LNK2001: 无法解析的外部符号 "public: virtual bool __cdecl DuiLib::CContainerUI::DoPaint(struct HDC__ *,struct tagRECT const &,class DuiLib::CControlUI *)" (?DoPaint@CContainerUI@DuiLib@@UEAA_NPEAUHDC__@@AEBUtagRECT@@PEAVCControlUI@2@@Z)
main.obj : error LNK2001: 无法解析的外部符号 "public: virtual void __cdecl DuiLib::CContainerUI::SetManager(class DuiLib::CPaintManagerUI *,class DuiLib::CControlUI *,bool)" (?SetManager@CContainerUI@DuiLib@@UEAAXPEAVCPaintManagerUI@2@PEAVCControlUI@2@_N@Z)
main.obj : error LNK2001: 无法解析的外部符号 "public: virtual class DuiLib::CControlUI * __cdecl DuiLib::CContainerUI::FindControl(class DuiLib::CControlUI * (__cdecl*)(class DuiLib::CControlUI *,void *),void *,unsigned int)" (?FindControl@CContainerUI@DuiLib@@UEAAPEAVCControlUI@2@P6APEAV32@PEAV32@PEAX@Z1I@Z)
main.obj : error LNK2001: 无法解析的外部符号 "public: virtual struct tagSIZE __cdecl DuiLib::CContainerUI::GetScrollPos(void)const " (?GetScrollPos@CContainerUI@DuiLib@@UEBA?AUtagSIZE@@XZ)
main.obj : error LNK2001: 无法解析的外部符号 "public: virtual struct tagSIZE __cdecl DuiLib::CContainerUI::GetScrollRange(void)const " (?GetScrollRange@CContainerUI@DuiLib@@UEBA?AUtagSIZE@@XZ)
main.obj : error LNK2001: 无法解析的外部符号 "public: virtual void __cdecl DuiLib::CContainerUI::SetScrollPos(struct tagSIZE)" (?SetScrollPos@CContainerUI@DuiLib@@UEAAXUtagSIZE@@@Z)
main.obj : error LNK2001: 无法解析的外部符号 "public: virtual void __cdecl DuiLib::CContainerUI::LineUp(void)" (?LineUp@CContainerUI@DuiLib@@UEAAXXZ)
main.obj : error LNK2001: 无法解析的外部符号 "public: virtual void __cdecl DuiLib::CContainerUI::LineDown(void)" (?LineDown@CContainerUI@DuiLib@@UEAAXXZ)
main.obj : error LNK2001: 无法解析的外部符号 "public: virtual void __cdecl DuiLib::CContainerUI::PageUp(void)" (?PageUp@CContainerUI@DuiLib@@UEAAXXZ)
main.obj : error LNK2001: 无法解析的外部符号 "public: virtual void __cdecl DuiLib::CContainerUI::PageDown(void)" (?PageDown@CContainerUI@DuiLib@@UEAAXXZ)
main.obj : error LNK2001: 无法解析的外部符号 "public: virtual void __cdecl DuiLib::CContainerUI::HomeUp(void)" (?HomeUp@CContainerUI@DuiLib@@UEAAXXZ)
main.obj : error LNK2001: 无法解析的外部符号 "public: virtual void __cdecl DuiLib::CContainerUI::EndDown(void)" (?EndDown@CContainerUI@DuiLib@@UEAAXXZ)
main.obj : error LNK2001: 无法解析的外部符号 "public: virtual void __cdecl DuiLib::CContainerUI::LineLeft(void)" (?LineLeft@CContainerUI@DuiLib@@UEAAXXZ)
main.obj : error LNK2001: 无法解析的外部符号 "public: virtual void __cdecl DuiLib::CContainerUI::LineRight(void)" (?LineRight@CContainerUI@DuiLib@@UEAAXXZ)
main.obj : error LNK2001: 无法解析的外部符号 "public: virtual void __cdecl DuiLib::CContainerUI::PageLeft(void)" (?PageLeft@CContainerUI@DuiLib@@UEAAXXZ)
main.obj : error LNK2001: 无法解析的外部符号 "public: virtual void __cdecl DuiLib::CContainerUI::PageRight(void)" (?PageRight@CContainerUI@DuiLib@@UEAAXXZ)
main.obj : error LNK2001: 无法解析的外部符号 "public: virtual void __cdecl DuiLib::CContainerUI::HomeLeft(void)" (?HomeLeft@CContainerUI@DuiLib@@UEAAXXZ)
main.obj : error LNK2001: 无法解析的外部符号 "public: virtual void __cdecl DuiLib::CContainerUI::EndRight(void)" (?EndRight@CContainerUI@DuiLib@@UEAAXXZ)
main.obj : error LNK2001: 无法解析的外部符号 "public: virtual void __cdecl DuiLib::CContainerUI::EnableScrollBar(bool,bool)" (?EnableScrollBar@CContainerUI@DuiLib@@UEAAX_N0@Z)
main.obj : error LNK2001: 无法解析的外部符号 "public: virtual class DuiLib::CScrollBarUI * __cdecl DuiLib::CContainerUI::GetVerticalScrollBar(void)const " (?GetVerticalScrollBar@CContainerUI@DuiLib@@UEBAPEAVCScrollBarUI@2@XZ)
main.obj : error LNK2001: 无法解析的外部符号 "public: virtual class DuiLib::CScrollBarUI * __cdecl DuiLib::CContainerUI::GetHorizontalScrollBar(void)const " (?GetHorizontalScrollBar@CContainerUI@DuiLib@@UEBAPEAVCScrollBarUI@2@XZ)
main.obj : error LNK2001: 无法解析的外部符号 "protected: virtual void __cdecl DuiLib::CContainerUI::SetFloatPos(int)" (?SetFloatPos@CContainerUI@DuiLib@@MEAAXH@Z)
main.obj : error LNK2001: 无法解析的外部符号 "protected: virtual void __cdecl DuiLib::CContainerUI::ProcessScrollBar(struct tagRECT,int,int)" (?ProcessScrollBar@CContainerUI@DuiLib@@MEAAXUtagRECT@@HH@Z)
.\lib\DuiLib_d.lib : warning LNK4272: 库计算机类型“x86”与目标计算机类型“x64”冲突
C:\Users\pc\Desktop\课程相关\综合工程设计\elevator1\elevator\x64\Debug\elevator.exe : fatal error LNK1120: 233 个无法解析的外部命令
